<?xml version="1.0" encoding="UTF-8"?>
<testng-results ignored="0" total="1" passed="1" failed="0" skipped="0">
  <reporter-output>
  </reporter-output>
  <suite started-at="2026-04-18T08:21:54 IST" name="Suite" finished-at="2026-04-18T08:22:10 IST" duration-ms="16476">
    <groups>
    </groups>
    <test started-at="2026-04-18T08:21:54 IST" name="Test" finished-at="2026-04-18T08:22:10 IST" duration-ms="16476">
      <class name="test.TestCase_01">
        <test-method is-config="true" signature="setup()[pri:0, instance:test.TestCase_01@3c77d488]" started-at="2026-04-18T08:21:54 IST" name="setup" finished-at="2026-04-18T08:21:59 IST" duration-ms="5296" status="PASS">
          <reporter-output>
          </reporter-output>
        </test-method> <!-- setup -->
        <test-method signature="searchTest()[pri:0, instance:test.TestCase_01@3c77d488]" started-at="2026-04-18T08:21:59 IST" name="searchTest" finished-at="2026-04-18T08:22:09 IST" duration-ms="10132" status="PASS">
          <reporter-output>
          </reporter-output>
        </test-method> <!-- searchTest -->
        <test-method is-config="true" signature="teardown()[pri:0, instance:test.TestCase_01@3c77d488]" started-at="2026-04-18T08:22:09 IST" name="teardown" finished-at="2026-04-18T08:22:10 IST" duration-ms="935" status="PASS">
          <reporter-output>
          </reporter-output>
        </test-method> <!-- teardown -->
      </class> <!-- test.TestCase_01 -->
    </test> <!-- Test -->
  </suite> <!-- Suite -->
</testng-results>
