<?xml version="1.0" encoding="UTF-8"?>
<testng-results ignored="0" total="1" passed="1" failed="0" skipped="0">
  <reporter-output>
  </reporter-output>
  <suite started-at="2026-04-18T08:09:03 IST" name="Suite" finished-at="2026-04-18T08:09:22 IST" duration-ms="19053">
    <groups>
    </groups>
    <test started-at="2026-04-18T08:09:03 IST" name="Test" finished-at="2026-04-18T08:09:22 IST" duration-ms="19053">
      <class name="test.TestCase_01">
        <test-method is-config="true" signature="setup()[pri:0, instance:test.TestCase_01@5167f57d]" started-at="2026-04-18T08:09:03 IST" name="setup" finished-at="2026-04-18T08:09:07 IST" duration-ms="3823" status="PASS">
          <reporter-output>
          </reporter-output>
        </test-method> <!-- setup -->
        <test-method signature="searchTest()[pri:0, instance:test.TestCase_01@5167f57d]" started-at="2026-04-18T08:09:07 IST" name="searchTest" finished-at="2026-04-18T08:09:22 IST" duration-ms="14552" status="PASS">
          <reporter-output>
          </reporter-output>
        </test-method> <!-- searchTest -->
        <test-method is-config="true" signature="teardown()[pri:0, instance:test.TestCase_01@5167f57d]" started-at="2026-04-18T08:09:22 IST" name="teardown" finished-at="2026-04-18T08:09:22 IST" duration-ms="618" status="PASS">
          <reporter-output>
          </reporter-output>
        </test-method> <!-- teardown -->
      </class> <!-- test.TestCase_01 -->
    </test> <!-- Test -->
  </suite> <!-- Suite -->
</testng-results>
